2019-07-10 20:37:47,656 ERROR [root] [test_tpshop_login.py (test_login:67] - assert '密码不能为空!' == '用户名不能为空!'
  - 密码不能为空!
  + 用户名不能为空!
2019-07-10 20:37:50,309 ERROR [root] [test_tpshop_login.py (test_login:67] - assert '账号存在!' == ''
  - 账号存在!
2019-07-10 20:37:52,910 ERROR [root] [test_tpshop_login.py (test_login:67] - assert '密码错误!' == ''
  - 密码错误!
2019-07-10 20:39:27,636 ERROR [root] [test_tpshop_login.py (test_login:67] - assert '账号存在!' == '账号不存在!'
  - 账号存在!
  + 账号不存在!
  ?   +
2019-07-10 20:40:54,282 ERROR [root] [test_tpshop_login.py (test_login:67] - assert '密码不能为空!' == ''
  - 密码不能为空!
2019-07-10 20:40:56,931 ERROR [root] [test_tpshop_login.py (test_login:67] - assert '账号存在!' == '账号不存在!'
  - 账号存在!
  + 账号不存在!
  ?   +
2019-07-10 20:42:23,714 ERROR [root] [test_tpshop_login.py (test_login:69] - assert '账号存在!' == '账号不存在!'
  - 账号存在!
  + 账号不存在!
  ?   +
